2023-06-13 22:30:06.800 | CRITICAL | __main__:<module>:63 - drop_idx: [223]
2023-06-13 22:30:45.951 | CRITICAL | __main__:<module>:63 - drop_idx: [223, 3842]
2023-06-13 22:30:48.786 | CRITICAL | __main__:<module>:63 - drop_idx: [223, 3842, 4080]
2023-06-13 22:30:52.039 | CRITICAL | __main__:<module>:63 - drop_idx: [223, 3842, 4080, 4362]
2023-06-13 22:31:51.669 | CRITICAL | __main__:<module>:63 - drop_idx: [223, 3842, 4080, 4362, 9843]
2023-06-13 22:32:15.239 | CRITICAL | __main__:<module>:63 - drop_idx: [223, 3842, 4080, 4362, 9843, 12013]
2023-06-13 22:32:17.133 | CRITICAL | __main__:<module>:63 - drop_idx: [223, 3842, 4080, 4362, 9843, 12013, 12174]
2023-06-13 22:32:43.021 | CRITICAL | __main__:<module>:63 - drop_idx: [223, 3842, 4080, 4362, 9843, 12013, 12174, 14535]
2023-06-13 22:32:51.182 | CRITICAL | __main__:<module>:63 - drop_idx: [223, 3842, 4080, 4362, 9843, 12013, 12174, 14535, 15283]
2023-06-13 22:33:00.558 | CRITICAL | __main__:<module>:63 - drop_idx: [223, 3842, 4080, 4362, 9843, 12013, 12174, 14535, 15283, 16139]
2023-06-13 22:33:44.772 | CRITICAL | __main__:<module>:63 - drop_idx: [223, 3842, 4080, 4362, 9843, 12013, 12174, 14535, 15283, 16139, 20166]
2023-06-13 22:34:00.406 | CRITICAL | __main__:<module>:63 - drop_idx: [223, 3842, 4080, 4362, 9843, 12013, 12174, 14535, 15283, 16139, 20166, 21590]
2023-06-13 22:35:23.125 | CRITICAL | __main__:<module>:63 - drop_idx: [223, 3842, 4080, 4362, 9843, 12013, 12174, 14535, 15283, 16139, 20166, 21590, 29198]
2023-06-13 22:35:32.929 | CRITICAL | __main__:<module>:63 - drop_idx: [223, 3842, 4080, 4362, 9843, 12013, 12174, 14535, 15283, 16139, 20166, 21590, 29198, 30073]
2023-06-13 22:35:42.624 | CRITICAL | __main__:<module>:63 - drop_idx: [223, 3842, 4080, 4362, 9843, 12013, 12174, 14535, 15283, 16139, 20166, 21590, 29198, 30073, 30950]
2023-06-13 22:36:13.153 | CRITICAL | __main__:<module>:63 - drop_idx: [223, 3842, 4080, 4362, 9843, 12013, 12174, 14535, 15283, 16139, 20166, 21590, 29198, 30073, 30950, 33770]
2023-06-13 22:38:00.409 | CRITICAL | __main__:<module>:63 - drop_idx: [3606]
2023-06-13 22:38:43.019 | CRITICAL | __main__:<module>:63 - drop_idx: [2501]
2023-06-14 23:36:46.226 | CRITICAL | __main__:generate_data:83 - drop_idx: [1722]
2023-06-14 23:37:09.097 | CRITICAL | __main__:generate_data:83 - drop_idx: [1722, 3842]
2023-06-14 23:37:11.790 | CRITICAL | __main__:generate_data:83 - drop_idx: [1722, 3842, 4080]
2023-06-14 23:37:32.716 | CRITICAL | __main__:generate_data:83 - drop_idx: [1722, 3842, 4080, 5927]
2023-06-14 23:38:37.273 | CRITICAL | __main__:generate_data:83 - drop_idx: [1722, 3842, 4080, 5927, 12013]
2023-06-14 23:38:39.099 | CRITICAL | __main__:generate_data:83 - drop_idx: [1722, 3842, 4080, 5927, 12013, 12174]
2023-06-14 23:39:04.330 | CRITICAL | __main__:generate_data:83 - drop_idx: [1722, 3842, 4080, 5927, 12013, 12174, 14535]
2023-06-14 23:39:21.693 | CRITICAL | __main__:generate_data:83 - drop_idx: [1722, 3842, 4080, 5927, 12013, 12174, 14535, 16139]
2023-06-14 23:39:51.717 | CRITICAL | __main__:generate_data:83 - drop_idx: [1722, 3842, 4080, 5927, 12013, 12174, 14535, 16139, 18915]
2023-06-14 23:41:06.053 | CRITICAL | __main__:generate_data:83 - drop_idx: [1722, 3842, 4080, 5927, 12013, 12174, 14535, 16139, 18915, 25829]
2023-06-14 23:41:42.203 | CRITICAL | __main__:generate_data:83 - drop_idx: [1722, 3842, 4080, 5927, 12013, 12174, 14535, 16139, 18915, 25829, 29198]
2023-06-14 23:41:51.795 | CRITICAL | __main__:generate_data:83 - drop_idx: [1722, 3842, 4080, 5927, 12013, 12174, 14535, 16139, 18915, 25829, 29198, 30073]
2023-06-14 23:41:54.061 | CRITICAL | __main__:generate_data:83 - drop_idx: [1722, 3842, 4080, 5927, 12013, 12174, 14535, 16139, 18915, 25829, 29198, 30073, 30281]
2023-06-14 23:42:11.701 | CRITICAL | __main__:generate_data:83 - drop_idx: [1722, 3842, 4080, 5927, 12013, 12174, 14535, 16139, 18915, 25829, 29198, 30073, 30281, 31913]
2023-06-14 23:42:31.506 | CRITICAL | __main__:generate_data:83 - drop_idx: [1722, 3842, 4080, 5927, 12013, 12174, 14535, 16139, 18915, 25829, 29198, 30073, 30281, 31913, 33770]
2023-06-14 23:42:53.961 | CRITICAL | __main__:generate_data:83 - drop_idx: [1722, 3842, 4080, 5927, 12013, 12174, 14535, 16139, 18915, 25829, 29198, 30073, 30281, 31913, 33770, 35856]
2023-06-14 23:44:17.798 | CRITICAL | __main__:generate_data:83 - drop_idx: [3606]
2023-06-15 00:38:43.930 | CRITICAL | __main__:generate_data:83 - drop_idx: [3842]
2023-06-15 00:38:46.584 | CRITICAL | __main__:generate_data:83 - drop_idx: [3842, 4080]
2023-06-15 00:39:14.305 | CRITICAL | __main__:generate_data:83 - drop_idx: [3842, 4080, 6573]
2023-06-15 00:39:51.293 | CRITICAL | __main__:generate_data:83 - drop_idx: [3842, 4080, 6573, 9843]
2023-06-15 00:40:05.686 | CRITICAL | __main__:generate_data:83 - drop_idx: [3842, 4080, 6573, 9843, 11113]
2023-06-15 00:40:16.614 | CRITICAL | __main__:generate_data:83 - drop_idx: [3842, 4080, 6573, 9843, 11113, 12013]
2023-06-15 00:40:18.492 | CRITICAL | __main__:generate_data:83 - drop_idx: [3842, 4080, 6573, 9843, 11113, 12013, 12174]
2023-06-15 00:40:36.251 | CRITICAL | __main__:generate_data:83 - drop_idx: [3842, 4080, 6573, 9843, 11113, 12013, 12174, 13732]
2023-06-15 00:40:46.180 | CRITICAL | __main__:generate_data:83 - drop_idx: [3842, 4080, 6573, 9843, 11113, 12013, 12174, 13732, 14535]
2023-06-15 00:41:04.694 | CRITICAL | __main__:generate_data:83 - drop_idx: [3842, 4080, 6573, 9843, 11113, 12013, 12174, 13732, 14535, 16139]
2023-06-15 00:42:07.695 | CRITICAL | __main__:generate_data:83 - drop_idx: [3842, 4080, 6573, 9843, 11113, 12013, 12174, 13732, 14535, 16139, 21590]
2023-06-15 00:43:36.006 | CRITICAL | __main__:generate_data:83 - drop_idx: [3842, 4080, 6573, 9843, 11113, 12013, 12174, 13732, 14535, 16139, 21590, 29198]
2023-06-15 00:43:46.548 | CRITICAL | __main__:generate_data:83 - drop_idx: [3842, 4080, 6573, 9843, 11113, 12013, 12174, 13732, 14535, 16139, 21590, 29198, 30073]
2023-06-15 00:43:49.390 | CRITICAL | __main__:generate_data:83 - drop_idx: [3842, 4080, 6573, 9843, 11113, 12013, 12174, 13732, 14535, 16139, 21590, 29198, 30073, 30281]
2023-06-15 00:44:56.735 | CRITICAL | __main__:generate_data:83 - drop_idx: [3842, 4080, 6573, 9843, 11113, 12013, 12174, 13732, 14535, 16139, 21590, 29198, 30073, 30281, 36103]
2023-06-15 00:46:11.370 | CRITICAL | __main__:generate_data:83 - drop_idx: [2556]
2023-06-15 00:46:22.814 | CRITICAL | __main__:generate_data:83 - drop_idx: [2556, 3606]
2023-06-15 01:34:52.379 | CRITICAL | __main__:generate_data:90 - drop_idx: [3842]
2023-06-15 01:34:54.329 | CRITICAL | __main__:generate_data:90 - drop_idx: [3842, 4020]
2023-06-15 01:34:55.031 | CRITICAL | __main__:generate_data:90 - drop_idx: [3842, 4020, 4080]
2023-06-15 01:34:58.170 | CRITICAL | __main__:generate_data:90 - drop_idx: [3842, 4020, 4080, 4362]
2023-06-15 01:35:07.424 | CRITICAL | __main__:generate_data:90 - drop_idx: [3842, 4020, 4080, 4362, 5239]
2023-06-15 01:35:55.862 | CRITICAL | __main__:generate_data:90 - drop_idx: [3842, 4020, 4080, 4362, 5239, 9843]
2023-06-15 01:36:18.723 | CRITICAL | __main__:generate_data:90 - drop_idx: [3842, 4020, 4080, 4362, 5239, 9843, 12013]
2023-06-15 01:36:20.588 | CRITICAL | __main__:generate_data:90 - drop_idx: [3842, 4020, 4080, 4362, 5239, 9843, 12013, 12174]
2023-06-15 01:36:45.362 | CRITICAL | __main__:generate_data:90 - drop_idx: [3842, 4020, 4080, 4362, 5239, 9843, 12013, 12174, 14535]
2023-06-15 01:37:32.217 | CRITICAL | __main__:generate_data:90 - drop_idx: [3842, 4020, 4080, 4362, 5239, 9843, 12013, 12174, 14535, 18915]
2023-06-15 01:37:37.546 | CRITICAL | __main__:generate_data:90 - drop_idx: [3842, 4020, 4080, 4362, 5239, 9843, 12013, 12174, 14535, 18915, 19405]
2023-06-15 01:38:00.974 | CRITICAL | __main__:generate_data:90 - drop_idx: [3842, 4020, 4080, 4362, 5239, 9843, 12013, 12174, 14535, 18915, 19405, 21590]
2023-06-15 01:39:20.744 | CRITICAL | __main__:generate_data:90 - drop_idx: [3842, 4020, 4080, 4362, 5239, 9843, 12013, 12174, 14535, 18915, 19405, 21590, 29198]
2023-06-15 01:39:30.135 | CRITICAL | __main__:generate_data:90 - drop_idx: [3842, 4020, 4080, 4362, 5239, 9843, 12013, 12174, 14535, 18915, 19405, 21590, 29198, 30073]
2023-06-15 01:39:32.378 | CRITICAL | __main__:generate_data:90 - drop_idx: [3842, 4020, 4080, 4362, 5239, 9843, 12013, 12174, 14535, 18915, 19405, 21590, 29198, 30073, 30281]
2023-06-15 01:39:49.666 | CRITICAL | __main__:generate_data:90 - drop_idx: [3842, 4020, 4080, 4362, 5239, 9843, 12013, 12174, 14535, 18915, 19405, 21590, 29198, 30073, 30281, 31913]
2023-06-15 01:41:15.482 | CRITICAL | __main__:generate_data:101 - raw_train.csv: total temps: 39992, new temps: 39992
2023-06-15 01:41:53.958 | CRITICAL | __main__:generate_data:90 - drop_idx: [3606]
2023-06-15 01:42:09.212 | CRITICAL | __main__:generate_data:101 - raw_val.csv: total temps: 5000, new temps: 989
2023-06-15 01:43:01.472 | CRITICAL | __main__:generate_data:101 - raw_test.csv: total temps: 5007, new temps: 1000
